{ "timestamp": "2023-02-21T07:05:56.333Z","correlationId": "nocorrelation","logger": "user","level": "info", "message": "Environment: development"}
{ "timestamp": "2023-02-21T07:05:56.334Z","correlationId": "nocorrelation","logger": "user","level": "info", "message": "Application is running on the port:3001"}
{ "timestamp": "2023-02-21T07:05:56.460Z","correlationId": "nocorrelation","logger": "user","level": "info", "message": "Connected to DB"}
{ "timestamp": "2023-02-21T07:06:23.456Z","correlationId": "nocorrelation","logger": "user","level": "info", "message": "Environment: development"}
{ "timestamp": "2023-02-21T07:06:23.457Z","correlationId": "nocorrelation","logger": "user","level": "info", "message": "Application is running on the port:3001"}
{ "timestamp": "2023-02-21T07:06:23.503Z","correlationId": "nocorrelation","logger": "user","level": "info", "message": "Connected to DB"}
{ "timestamp": "2023-02-21T08:12:39.501Z","correlationId": "nocorrelation","logger": "user","level": "info", "message": "Environment: development"}
{ "timestamp": "2023-02-21T08:12:39.502Z","correlationId": "nocorrelation","logger": "user","level": "info", "message": "Application is running on the port:3001"}
{ "timestamp": "2023-02-21T08:12:39.533Z","correlationId": "nocorrelation","logger": "user","level": "info", "message": "Connected to DB"}
{ "timestamp": "2023-02-21T08:19:23.538Z","correlationId": "nocorrelation","logger": "user","level": "info", "message": "Environment: development"}
{ "timestamp": "2023-02-21T08:19:23.539Z","correlationId": "nocorrelation","logger": "user","level": "info", "message": "Application is running on the port:3001"}
{ "timestamp": "2023-02-21T08:19:23.559Z","correlationId": "nocorrelation","logger": "user","level": "info", "message": "Connected to DB"}
{ "timestamp": "2023-02-21T08:19:51.445Z","correlationId": "5f0f5e38-ae67-47a2-8e0f-4e9bab882d9c","logger": "user","level": "info", "message": "***User Service Request Log***","request" : {"requestType":"Request Type POST for /user/v1/account/registrationOtp on Tue Feb 21 2023 13:49:51 GMT+0530 (India Standard Time) from PostmanRuntime/7.30.1","requestHeaders":{"content-type":"application/json","user-agent":"PostmanRuntime/7.30.1","accept":"*/*","postman-token":"bfb601ae-fd65-4705-8f7c-9a999c214061","host":"localhost:3001","accept-encoding":"gzip, deflate, br","connection":"keep-alive","content-length":"202"},"requestBody":{"name":"shahu","email":"afnan1@tunerlabs.com","password":"qwerty123","isAMentor":true,"secretCode":"4567","otp":"371441","organisationId":"63db5d27375fcf311ca4e2a0"}} }
{ "timestamp": "2023-02-21T08:19:51.447Z","correlationId": "5f0f5e38-ae67-47a2-8e0f-4e9bab882d9c","logger": "user","level": "info", "message": "UNAUTHORIZED_REQUEST Error: UNAUTHORIZED_REQUEST"}
{ "timestamp": "2023-02-21T08:20:57.653Z","correlationId": "nocorrelation","logger": "user","level": "info", "message": "Environment: development"}
{ "timestamp": "2023-02-21T08:20:57.653Z","correlationId": "nocorrelation","logger": "user","level": "info", "message": "Application is running on the port:3001"}
{ "timestamp": "2023-02-21T08:20:57.667Z","correlationId": "nocorrelation","logger": "user","level": "info", "message": "Connected to DB"}
{ "timestamp": "2023-02-21T08:21:00.151Z","correlationId": "3b92abd4-7964-4193-8b63-e2e625d0764e","logger": "user","level": "info", "message": "***User Service Request Log***","request" : {"requestType":"Request Type POST for /user/v1/account/registrationOtp on Tue Feb 21 2023 13:51:00 GMT+0530 (India Standard Time) from PostmanRuntime/7.30.1","requestHeaders":{"content-type":"application/json","user-agent":"PostmanRuntime/7.30.1","accept":"*/*","postman-token":"8e1e965b-0fb1-49d5-9658-def5b368f97f","host":"localhost:3001","accept-encoding":"gzip, deflate, br","connection":"keep-alive","content-length":"202"},"requestBody":{"name":"shahu","email":"afnan1@tunerlabs.com","password":"qwerty123","isAMentor":true,"secretCode":"4567","otp":"371441","organisationId":"63db5d27375fcf311ca4e2a0"}} }
{ "timestamp": "2023-02-21T08:21:40.606Z","correlationId": "nocorrelation","logger": "user","level": "info", "message": "Environment: development"}
{ "timestamp": "2023-02-21T08:21:40.606Z","correlationId": "nocorrelation","logger": "user","level": "info", "message": "Application is running on the port:3001"}
{ "timestamp": "2023-02-21T08:21:40.619Z","correlationId": "nocorrelation","logger": "user","level": "info", "message": "Connected to DB"}
{ "timestamp": "2023-02-21T08:21:42.647Z","correlationId": "97e1a8a5-3852-483f-be0b-1a4beae60d9f","logger": "user","level": "info", "message": "***User Service Request Log***","request" : {"requestType":"Request Type POST for /user/v1/account/registrationOtp on Tue Feb 21 2023 13:51:42 GMT+0530 (India Standard Time) from PostmanRuntime/7.30.1","requestHeaders":{"content-type":"application/json","user-agent":"PostmanRuntime/7.30.1","accept":"*/*","postman-token":"e9cdb16c-f7d3-47e4-b657-0d992330e2b2","host":"localhost:3001","accept-encoding":"gzip, deflate, br","connection":"keep-alive","content-length":"202"},"requestBody":{"name":"shahu","email":"afnan1@tunerlabs.com","password":"qwerty123","isAMentor":true,"secretCode":"4567","otp":"371441","organisationId":"63db5d27375fcf311ca4e2a0"}} }
{ "timestamp": "2023-02-21T08:22:17.320Z","correlationId": "nocorrelation","logger": "user","level": "info", "message": "Environment: development"}
{ "timestamp": "2023-02-21T08:22:17.335Z","correlationId": "nocorrelation","logger": "user","level": "info", "message": "Connected to DB"}
{ "timestamp": "2023-02-21T08:22:17.321Z","correlationId": "nocorrelation","logger": "user","level": "info", "message": "Application is running on the port:3001"}
{ "timestamp": "2023-02-21T08:22:19.942Z","correlationId": "790ac717-bf9f-4f83-a856-047cca43542a","logger": "user","level": "info", "message": "***User Service Request Log***","request" : {"requestType":"Request Type POST for /user/v1/account/registrationOtp on Tue Feb 21 2023 13:52:19 GMT+0530 (India Standard Time) from PostmanRuntime/7.30.1","requestHeaders":{"content-type":"application/json","user-agent":"PostmanRuntime/7.30.1","accept":"*/*","postman-token":"07792c30-c4ff-4b7f-930e-036deb87e075","host":"localhost:3001","accept-encoding":"gzip, deflate, br","connection":"keep-alive","content-length":"202"},"requestBody":{"name":"shahu","email":"afnan1@tunerlabs.com","password":"qwerty123","isAMentor":true,"secretCode":"4567","otp":"371441","organisationId":"63db5d27375fcf311ca4e2a0"}} }
{ "timestamp": "2023-02-21T08:22:19.953Z","correlationId": "790ac717-bf9f-4f83-a856-047cca43542a","logger": "user","level": "error", "message": "Server error! Error: Cannot find module '@sendgrid/mail'\nRequire stack:\n- /Users/rakeshkumar/Public/rocky/webspace/xerox-backend/src/generics/helpers/email-notifications.js\n- /Users/rakeshkumar/Public/rocky/webspace/xerox-backend/src/services/helper/account.js\n- /Users/rakeshkumar/Public/rocky/webspace/xerox-backend/src/controllers/v1/account.js\n- /Users/rakeshkumar/Public/rocky/webspace/xerox-backend/src/routes/index.js\n- /Users/rakeshkumar/Public/rocky/webspace/xerox-backend/src/app.js","triggerNotification": "true" }
{ "timestamp": "2023-02-21T08:23:42.196Z","correlationId": "nocorrelation","logger": "user","level": "info", "message": "Environment: development"}
{ "timestamp": "2023-02-21T08:23:42.197Z","correlationId": "nocorrelation","logger": "user","level": "info", "message": "Application is running on the port:3001"}
{ "timestamp": "2023-02-21T08:23:42.241Z","correlationId": "nocorrelation","logger": "user","level": "info", "message": "Connected to DB"}
{ "timestamp": "2023-02-21T08:23:44.402Z","correlationId": "4dd20228-c76e-4dee-80c2-8bf1ba3d40b9","logger": "user","level": "info", "message": "***User Service Request Log***","request" : {"requestType":"Request Type POST for /user/v1/account/registrationOtp on Tue Feb 21 2023 13:53:44 GMT+0530 (India Standard Time) from PostmanRuntime/7.30.1","requestHeaders":{"content-type":"application/json","user-agent":"PostmanRuntime/7.30.1","accept":"*/*","postman-token":"32b1b9cf-ef96-435a-84a0-54c195182736","host":"localhost:3001","accept-encoding":"gzip, deflate, br","connection":"keep-alive","content-length":"202"},"requestBody":{"name":"shahu","email":"afnan1@tunerlabs.com","password":"qwerty123","isAMentor":true,"secretCode":"4567","otp":"371441","organisationId":"63db5d27375fcf311ca4e2a0"}} }
{ "timestamp": "2023-02-21T08:23:44.411Z","correlationId": "4dd20228-c76e-4dee-80c2-8bf1ba3d40b9","logger": "user","level": "error", "message": "Server error! Error: Cannot find module '@sendgrid/mail'\nRequire stack:\n- /Users/rakeshkumar/Public/rocky/webspace/xerox-backend/src/generics/helpers/email-notifications.js\n- /Users/rakeshkumar/Public/rocky/webspace/xerox-backend/src/services/helper/account.js\n- /Users/rakeshkumar/Public/rocky/webspace/xerox-backend/src/controllers/v1/account.js\n- /Users/rakeshkumar/Public/rocky/webspace/xerox-backend/src/routes/index.js\n- /Users/rakeshkumar/Public/rocky/webspace/xerox-backend/src/app.js","triggerNotification": "true" }
{ "timestamp": "2023-02-21T08:23:59.572Z","correlationId": "nocorrelation","logger": "user","level": "info", "message": "Environment: development"}
{ "timestamp": "2023-02-21T08:23:59.573Z","correlationId": "nocorrelation","logger": "user","level": "info", "message": "Application is running on the port:3001"}
{ "timestamp": "2023-02-21T08:23:59.586Z","correlationId": "nocorrelation","logger": "user","level": "info", "message": "Connected to DB"}
{ "timestamp": "2023-02-21T08:24:03.231Z","correlationId": "4e9f5e68-1d97-48a6-a5f3-f4adb2e13884","logger": "user","level": "info", "message": "***User Service Request Log***","request" : {"requestType":"Request Type POST for /user/v1/account/registrationOtp on Tue Feb 21 2023 13:54:03 GMT+0530 (India Standard Time) from PostmanRuntime/7.30.1","requestHeaders":{"content-type":"application/json","user-agent":"PostmanRuntime/7.30.1","accept":"*/*","postman-token":"1887d4d9-376b-45f0-9d8d-434ad0be9948","host":"localhost:3001","accept-encoding":"gzip, deflate, br","connection":"keep-alive","content-length":"202"},"requestBody":{"name":"shahu","email":"afnan1@tunerlabs.com","password":"qwerty123","isAMentor":true,"secretCode":"4567","otp":"371441","organisationId":"63db5d27375fcf311ca4e2a0"}} }
{ "timestamp": "2023-02-21T08:24:03.359Z","correlationId": "4e9f5e68-1d97-48a6-a5f3-f4adb2e13884","logger": "user","level": "info", "message": "USER_ALREADY_EXISTS Error: USER_ALREADY_EXISTS"}
{ "timestamp": "2023-02-21T08:24:16.985Z","correlationId": "05559301-d259-49f8-b7f2-9bbcc8c3e6d0","logger": "user","level": "info", "message": "***User Service Request Log***","request" : {"requestType":"Request Type POST for /user/v1/account/registrationOtp on Tue Feb 21 2023 13:54:16 GMT+0530 (India Standard Time) from PostmanRuntime/7.30.1","requestHeaders":{"content-type":"application/json","user-agent":"PostmanRuntime/7.30.1","accept":"*/*","postman-token":"335f87d1-f8d9-4909-8a32-23a2c3dd13eb","host":"localhost:3001","accept-encoding":"gzip, deflate, br","connection":"keep-alive","content-length":"195"},"requestBody":{"name":"shahu","email":"abc@gmail.com","password":"qwerty123","isAMentor":true,"secretCode":"4567","otp":"371441","organisationId":"63db5d27375fcf311ca4e2a0"}} }
{ "timestamp": "2023-02-21T08:24:17.019Z","correlationId": "05559301-d259-49f8-b7f2-9bbcc8c3e6d0","logger": "user","level": "error", "message": "Server error! ReferenceError: redisClient is not defined","triggerNotification": "true" }
{ "timestamp": "2023-02-21T08:25:34.689Z","correlationId": "nocorrelation","logger": "user","level": "info", "message": "Connected to DB"}
{ "timestamp": "2023-02-21T08:25:53.148Z","correlationId": "nocorrelation","logger": "user","level": "info", "message": "Connected to DB"}
{ "timestamp": "2023-02-21T08:26:29.483Z","correlationId": "nocorrelation","logger": "user","level": "info", "message": "Connected to DB"}
{ "timestamp": "2023-02-21T08:26:55.672Z","correlationId": "nocorrelation","logger": "user","level": "info", "message": "Environment: development"}
{ "timestamp": "2023-02-21T08:26:55.675Z","correlationId": "nocorrelation","logger": "user","level": "error", "message": "Error while making connection to redis client: ","triggerNotification": "true" }
{ "timestamp": "2023-02-21T08:26:55.673Z","correlationId": "nocorrelation","logger": "user","level": "info", "message": "Application is running on the port:3001"}
{ "timestamp": "2023-02-21T08:26:55.685Z","correlationId": "nocorrelation","logger": "user","level": "info", "message": "Connected to DB"}
{ "timestamp": "2023-02-21T08:26:59.065Z","correlationId": "67093532-7fac-458e-a5cb-50a49ecf64d7","logger": "user","level": "info", "message": "***User Service Request Log***","request" : {"requestType":"Request Type POST for /user/v1/account/registrationOtp on Tue Feb 21 2023 13:56:59 GMT+0530 (India Standard Time) from PostmanRuntime/7.30.1","requestHeaders":{"content-type":"application/json","user-agent":"PostmanRuntime/7.30.1","accept":"*/*","postman-token":"188052ed-0765-4b74-a5b0-3a7ae88e179a","host":"localhost:3001","accept-encoding":"gzip, deflate, br","connection":"keep-alive","content-length":"195"},"requestBody":{"name":"shahu","email":"abc@gmail.com","password":"qwerty123","isAMentor":true,"secretCode":"4567","otp":"371441","organisationId":"63db5d27375fcf311ca4e2a0"}} }
{ "timestamp": "2023-02-21T10:08:57.921Z","correlationId": "nocorrelation","logger": "user","level": "info", "message": "Environment: development"}
{ "timestamp": "2023-02-21T10:08:57.925Z","correlationId": "nocorrelation","logger": "user","level": "error", "message": "Error while making connection to redis client: ","triggerNotification": "true" }
{ "timestamp": "2023-02-21T10:08:57.922Z","correlationId": "nocorrelation","logger": "user","level": "info", "message": "Application is running on the port:3001"}
{ "timestamp": "2023-02-21T10:08:57.958Z","correlationId": "nocorrelation","logger": "user","level": "info", "message": "Connected to DB"}
{ "timestamp": "2023-02-21T10:09:26.366Z","correlationId": "nocorrelation","logger": "user","level": "info", "message": "Environment: development"}
{ "timestamp": "2023-02-21T10:09:26.369Z","correlationId": "nocorrelation","logger": "user","level": "error", "message": "Error while making connection to redis client: ","triggerNotification": "true" }
{ "timestamp": "2023-02-21T10:09:26.367Z","correlationId": "nocorrelation","logger": "user","level": "info", "message": "Application is running on the port:3001"}
{ "timestamp": "2023-02-21T10:09:26.387Z","correlationId": "nocorrelation","logger": "user","level": "info", "message": "Connected to DB"}
{ "timestamp": "2023-02-21T10:09:32.820Z","correlationId": "d34f8380-65ea-4cb6-85e8-74948ceacddd","logger": "user","level": "info", "message": "***User Service Request Log***","request" : {"requestType":"Request Type POST for /user/v1/account/registrationOtp on Tue Feb 21 2023 15:39:32 GMT+0530 (India Standard Time) from PostmanRuntime/7.30.1","requestHeaders":{"content-type":"application/json","user-agent":"PostmanRuntime/7.30.1","accept":"*/*","postman-token":"8bc98d13-ebc3-4e01-ba1b-a0fbe1221b46","host":"localhost:3001","accept-encoding":"gzip, deflate, br","connection":"keep-alive","content-length":"195"},"requestBody":{"name":"shahu","email":"abc@gmail.com","password":"qwerty123","isAMentor":true,"secretCode":"4567","otp":"371441","organisationId":"63db5d27375fcf311ca4e2a0"}} }
{ "timestamp": "2023-02-21T10:12:02.191Z","correlationId": "nocorrelation","logger": "user","level": "info", "message": "Environment: development"}
{ "timestamp": "2023-02-21T10:12:02.195Z","correlationId": "nocorrelation","logger": "user","level": "error", "message": "Error while making connection to redis client: ","triggerNotification": "true" }
{ "timestamp": "2023-02-21T10:12:02.192Z","correlationId": "nocorrelation","logger": "user","level": "info", "message": "Application is running on the port:3001"}
{ "timestamp": "2023-02-21T10:12:02.211Z","correlationId": "nocorrelation","logger": "user","level": "info", "message": "Connected to DB"}
{ "timestamp": "2023-02-21T10:12:20.790Z","correlationId": "nocorrelation","logger": "user","level": "info", "message": "Environment: development"}
{ "timestamp": "2023-02-21T10:12:20.795Z","correlationId": "nocorrelation","logger": "user","level": "error", "message": "Error while making connection to redis client: ","triggerNotification": "true" }
{ "timestamp": "2023-02-21T10:12:20.791Z","correlationId": "nocorrelation","logger": "user","level": "info", "message": "Application is running on the port:3001"}
{ "timestamp": "2023-02-21T10:12:20.810Z","correlationId": "nocorrelation","logger": "user","level": "info", "message": "Connected to DB"}
{ "timestamp": "2023-02-21T10:13:06.541Z","correlationId": "nocorrelation","logger": "user","level": "info", "message": "Environment: development"}
{ "timestamp": "2023-02-21T10:13:06.542Z","correlationId": "nocorrelation","logger": "user","level": "info", "message": "Application is running on the port:3001"}
{ "timestamp": "2023-02-21T10:13:06.572Z","correlationId": "nocorrelation","logger": "user","level": "info", "message": "Connected to DB"}
{ "timestamp": "2023-02-21T10:18:15.345Z","correlationId": "61db4bbf-8231-47ed-bb35-4d5aa6e64033","logger": "user","level": "info", "message": "***User Service Request Log***","request" : {"requestType":"Request Type POST for /user/v1/account/registrationOtp on Tue Feb 21 2023 15:48:15 GMT+0530 (India Standard Time) from PostmanRuntime/7.30.1","requestHeaders":{"content-type":"application/json","user-agent":"PostmanRuntime/7.30.1","accept":"*/*","postman-token":"36ebd04c-fc7f-4a2b-9e96-7df695fd60dc","host":"localhost:3001","accept-encoding":"gzip, deflate, br","connection":"keep-alive","content-length":"195"},"requestBody":{"name":"shahu","email":"abc@gmail.com","password":"qwerty123","isAMentor":true,"secretCode":"4567","otp":"371441","organisationId":"63db5d27375fcf311ca4e2a0"}} }
{ "timestamp": "2023-02-21T10:18:15.632Z","correlationId": "61db4bbf-8231-47ed-bb35-4d5aa6e64033","logger": "user","level": "info", "message": "Request Response","response": {"statusCode":200,"responseCode":"OK","message":"REGISTRATION_OTP_SENT_SUCCESSFULLY","result":[],"meta":{"formsVersion":[{"_id":"63e9f32681bc414bfef14490","type":"profile","__v":0},{"_id":"63e9f32681bc414bfef14492","type":"termsAndConditions","__v":0}],"correlation":"61db4bbf-8231-47ed-bb35-4d5aa6e64033"}} }
{ "timestamp": "2023-02-21T10:19:02.238Z","correlationId": "nocorrelation","logger": "user","level": "info", "message": "Environment: development"}
{ "timestamp": "2023-02-21T10:19:02.239Z","correlationId": "nocorrelation","logger": "user","level": "info", "message": "Application is running on the port:3001"}
{ "timestamp": "2023-02-21T10:19:02.255Z","correlationId": "nocorrelation","logger": "user","level": "info", "message": "Connected to DB"}
{ "timestamp": "2023-02-21T10:19:04.849Z","correlationId": "be1b8321-6226-4967-bb2f-18ee7a4b8ed5","logger": "user","level": "info", "message": "***User Service Request Log***","request" : {"requestType":"Request Type POST for /user/v1/account/registrationOtp on Tue Feb 21 2023 15:49:04 GMT+0530 (India Standard Time) from PostmanRuntime/7.30.1","requestHeaders":{"content-type":"application/json","user-agent":"PostmanRuntime/7.30.1","accept":"*/*","postman-token":"7b4f27e0-a931-4fd4-82b4-a608af0cb99a","host":"localhost:3001","accept-encoding":"gzip, deflate, br","connection":"keep-alive","content-length":"195"},"requestBody":{"name":"shahu","email":"abc@gmail.com","password":"qwerty123","isAMentor":true,"secretCode":"4567","otp":"371441","organisationId":"63db5d27375fcf311ca4e2a0"}} }
{ "timestamp": "2023-02-21T10:19:05.238Z","correlationId": "be1b8321-6226-4967-bb2f-18ee7a4b8ed5","logger": "user","level": "info", "message": "Request Response","response": {"statusCode":200,"responseCode":"OK","message":"REGISTRATION_OTP_SENT_SUCCESSFULLY","result":[],"meta":{"correlation":"be1b8321-6226-4967-bb2f-18ee7a4b8ed5"}} }
{ "timestamp": "2023-02-21T10:19:38.589Z","correlationId": "nocorrelation","logger": "user","level": "info", "message": "Environment: development"}
{ "timestamp": "2023-02-21T10:19:38.590Z","correlationId": "nocorrelation","logger": "user","level": "info", "message": "Application is running on the port:3001"}
{ "timestamp": "2023-02-21T10:19:38.608Z","correlationId": "nocorrelation","logger": "user","level": "info", "message": "Connected to DB"}
{ "timestamp": "2023-02-21T10:19:41.031Z","correlationId": "e7696083-c033-4058-8b72-13128fa81ae5","logger": "user","level": "info", "message": "***User Service Request Log***","request" : {"requestType":"Request Type POST for /user/v1/account/registrationOtp on Tue Feb 21 2023 15:49:41 GMT+0530 (India Standard Time) from PostmanRuntime/7.30.1","requestHeaders":{"content-type":"application/json","user-agent":"PostmanRuntime/7.30.1","accept":"*/*","postman-token":"928304b5-712d-4f09-b1ce-58051df42648","host":"localhost:3001","accept-encoding":"gzip, deflate, br","connection":"keep-alive","content-length":"195"},"requestBody":{"name":"shahu","email":"abc@gmail.com","password":"qwerty123","isAMentor":true,"secretCode":"4567","otp":"371441","organisationId":"63db5d27375fcf311ca4e2a0"}} }
{ "timestamp": "2023-02-21T10:19:41.411Z","correlationId": "e7696083-c033-4058-8b72-13128fa81ae5","logger": "user","level": "info", "message": "Request Response","response": {"statusCode":200,"responseCode":"OK","message":"REGISTRATION_OTP_SENT_SUCCESSFULLY","result":[],"meta":{"correlation":"e7696083-c033-4058-8b72-13128fa81ae5"}} }
{ "timestamp": "2023-02-21T10:19:55.002Z","correlationId": "nocorrelation","logger": "user","level": "info", "message": "Environment: development"}
{ "timestamp": "2023-02-21T10:19:55.002Z","correlationId": "nocorrelation","logger": "user","level": "info", "message": "Application is running on the port:3001"}
{ "timestamp": "2023-02-21T10:19:55.017Z","correlationId": "nocorrelation","logger": "user","level": "info", "message": "Connected to DB"}
{ "timestamp": "2023-02-21T10:19:57.330Z","correlationId": "b1d4894a-bc25-46c5-b0d4-5cfffa3179ba","logger": "user","level": "info", "message": "***User Service Request Log***","request" : {"requestType":"Request Type POST for /user/v1/account/registrationOtp on Tue Feb 21 2023 15:49:57 GMT+0530 (India Standard Time) from PostmanRuntime/7.30.1","requestHeaders":{"content-type":"application/json","user-agent":"PostmanRuntime/7.30.1","accept":"*/*","postman-token":"a299a32d-d99d-4bac-80f2-fefa76cbe0f0","host":"localhost:3001","accept-encoding":"gzip, deflate, br","connection":"keep-alive","content-length":"195"},"requestBody":{"name":"shahu","email":"abc@gmail.com","password":"qwerty123","isAMentor":true,"secretCode":"4567","otp":"371441","organisationId":"63db5d27375fcf311ca4e2a0"}} }
{ "timestamp": "2023-02-21T10:19:57.660Z","correlationId": "b1d4894a-bc25-46c5-b0d4-5cfffa3179ba","logger": "user","level": "info", "message": "Request Response","response": {"statusCode":200,"responseCode":"OK","message":"REGISTRATION_OTP_SENT_SUCCESSFULLY","result":{"otp":106352},"meta":{"correlation":"b1d4894a-bc25-46c5-b0d4-5cfffa3179ba"}} }
{ "timestamp": "2023-02-21T10:21:08.903Z","correlationId": "2bea55f7-c4ba-4d54-b364-88017675a1ff","logger": "user","level": "info", "message": "***User Service Request Log***","request" : {"requestType":"Request Type POST for /user/v1/account/create on Tue Feb 21 2023 15:51:08 GMT+0530 (India Standard Time) from PostmanRuntime/7.30.1","requestHeaders":{"content-type":"application/json","user-agent":"PostmanRuntime/7.30.1","accept":"*/*","postman-token":"ec689b65-8f1d-4ec6-8b3f-90ea9e9e3717","host":"localhost:3001","accept-encoding":"gzip, deflate, br","connection":"keep-alive","content-length":"148"},"requestBody":{"name":"shahu","email":"abc@gmail.com","password":"qwerty123","organisationId":"63db5d27375fcf311ca4e2a0","otp":"106352"}} }
{ "timestamp": "2023-02-21T10:21:09.069Z","correlationId": "2bea55f7-c4ba-4d54-b364-88017675a1ff","logger": "user","level": "info", "message": "Request Response","response": {"statusCode":201,"responseCode":"OK","message":"USER_CREATED_SUCCESSFULLY","result":{"access_token":"eyJhbGciOiJIUzI1NiIsInR5cCI6IkpXVCJ9.eyJkYXRhIjp7Il9pZCI6IjYzZjQ5YjE1YjUzNjI2NzJiZDNlMmI3OSIsImVtYWlsIjoiYWJjQGdtYWlsLmNvbSIsIm5hbWUiOiJzaGFodSIsImlzQU1lbnRvciI6ZmFsc2V9LCJpYXQiOjE2NzY5NzQ4NjksImV4cCI6MTY3NzA2MTI2OX0.h2hPObHhhDGQg46yo-1aTEl5hE2W-0E7KExM3V9P72I","refresh_token":"eyJhbGciOiJIUzI1NiIsInR5cCI6IkpXVCJ9.eyJkYXRhIjp7Il9pZCI6IjYzZjQ5YjE1YjUzNjI2NzJiZDNlMmI3OSIsImVtYWlsIjoiYWJjQGdtYWlsLmNvbSIsIm5hbWUiOiJzaGFodSIsImlzQU1lbnRvciI6ZmFsc2V9LCJpYXQiOjE2NzY5NzQ4NjksImV4cCI6MTY5Mjc4NjA2OX0.QL9WzbNG4a4ko7AHNA5prHtFLu-d6Q5YXrsheMkrYuU","user":{"_id":"63f49b15b5362672bd3e2b79","email":{"address":"abc@gmail.com","verified":false},"name":"shahu","isAMentor":false,"hasAcceptedTAndC":false,"deleted":false,"educationQualification":null,"preferredLanguage":"en","organisationId":"63db5d27375fcf311ca4e2a0","designation":[],"location":[],"areasOfExpertise":[],"languages":[],"updatedAt":"2023-02-21T10:21:09.019Z","createdAt":"2023-02-21T10:21:09.019Z"}},"meta":{"correlation":"2bea55f7-c4ba-4d54-b364-88017675a1ff"}} }
